c:\users\user\desktop\game\game_cpp\game_cpp\x64\release\vc142.pdb
c:\users\user\desktop\game\game_cpp\game_cpp\x64\release\util.obj
c:\users\user\desktop\game\game_cpp\game_cpp\x64\release\player.obj
c:\users\user\desktop\game\game_cpp\game_cpp\x64\release\main.obj
c:\users\user\desktop\game\game_cpp\game_cpp\x64\release\gameobj.obj
c:\users\user\desktop\game\game_cpp\game_cpp\x64\release\game.obj
c:\users\user\desktop\game\game_cpp\game_cpp\x64\release\enemy.obj
c:\users\user\desktop\game\game_cpp\game_cpp\x64\release\customize.obj
c:\users\user\desktop\game\game_cpp\game_cpp\x64\release\bullet.obj
c:\users\user\desktop\game\game_cpp\bin\game_cpp.ipdb
c:\users\user\desktop\game\game_cpp\bin\game_cpp.iobj
c:\users\user\desktop\game\game_cpp\bin\game_cpp.exe
c:\users\user\desktop\game\game_cpp\bin\game_cpp.pdb
c:\users\user\desktop\game\game_cpp\game_cpp\x64\release\game_cpp.tlog\cl.command.1.tlog
c:\users\user\desktop\game\game_cpp\game_cpp\x64\release\game_cpp.tlog\cl.read.1.tlog
c:\users\user\desktop\game\game_cpp\game_cpp\x64\release\game_cpp.tlog\cl.write.1.tlog
c:\users\user\desktop\game\game_cpp\game_cpp\x64\release\game_cpp.tlog\game_cpp.write.1u.tlog
c:\users\user\desktop\game\game_cpp\game_cpp\x64\release\game_cpp.tlog\link.command.1.tlog
c:\users\user\desktop\game\game_cpp\game_cpp\x64\release\game_cpp.tlog\link.read.1.tlog
c:\users\user\desktop\game\game_cpp\game_cpp\x64\release\game_cpp.tlog\link.write.1.tlog
